<?xml version="1.0" encoding="UTF-8"?>
<testng-results skipped="0" failed="0" ignored="0" total="1" passed="1">
  <reporter-output>
  </reporter-output>
  <suite name="Default suite" duration-ms="23534" started-at="2019-05-19T14:53:59Z" finished-at="2019-05-19T14:54:22Z">
    <groups>
    </groups>
    <test name="Default test" duration-ms="23534" started-at="2019-05-19T14:53:59Z" finished-at="2019-05-19T14:54:22Z">
      <class name="Selenium.DragandDrop_2">
        <test-method status="PASS" signature="dragandDrop()[pri:0, instance:Selenium.DragandDrop_2@d41cee]" name="dragandDrop" duration-ms="23450" started-at="2019-05-19T20:23:59Z" finished-at="2019-05-19T20:24:22Z">
          <reporter-output>
          </reporter-output>
        </test-method> <!-- dragandDrop -->
      </class> <!-- Selenium.DragandDrop_2 -->
    </test> <!-- Default test -->
  </suite> <!-- Default suite -->
</testng-results>
